<testsuite name="Mocha Tests" tests="1" failures="0" errors="1" skipped="0" timestamp="Sat, 05 Mar 2022 09:56:20 GMT" time="33.804">
<testcase classname="Delete Scorecard" name="Deleting Scorecard" time="0"><failure>Timed out retrying after 20000ms: Expected to find element: &#x60;[data-test=&#x22;scorecard-delete-button&#x22;]&#x60;, but never found it.
AssertionError: Timed out retrying after 20000ms: Expected to find element: &#x60;[data-test=&#x22;scorecard-delete-button&#x22;]&#x60;, but never found it.
    [2]&#x3C;/&#x3C;@http://localhost:3000/__cypress/tests?p=cypress/integration/0.7-Delete-Scorecard.feature:41:6
    resolveAndRunStepDefinition@http://localhost:3000/__cypress/tests?p=cypress/integration/0.7-Delete-Scorecard.feature:10377:29
    stepTest/&#x3C;@http://localhost:3000/__cypress/tests?p=cypress/integration/0.7-Delete-Scorecard.feature:9698:35
    getRet@http://localhost:3000/__cypress/runner/cypress_runner.js:156226:20
    tryCatcher@http://localhost:3000/__cypress/runner/cypress_runner.js:13022:23
    ../../node_modules/bluebird/js/release/method.js/module.exports/Promise.try@http://localhost:3000/__cypress/runner/cypress_runner.js:10296:29
    thenFn@http://localhost:3000/__cypress/runner/cypress_runner.js:156244:60
    then@http://localhost:3000/__cypress/runner/cypress_runner.js:156696:21
    ../driver/src/cypress/cy.ts/addCommand/wrapByType/&#x3C;@http://localhost:3000/__cypress/runner/cypress_runner.js:173141:19
    ../driver/src/cypress/command_queue.ts/runCommand/&#x3C;@http://localhost:3000/__cypress/runner/cypress_runner.js:171997:15
    tryCatcher@http://localhost:3000/__cypress/runner/cypress_runner.js:13022:23
    ../../node_modules/bluebird/js/release/promise.js/&#x3C;/module.exports/Promise.prototype._settlePromiseFromHandler@http://localhost:3000/__cypress/runner/cypress_runner.js:10957:31
    ../../node_modules/bluebird/js/release/promise.js/&#x3C;/module.exports/Promise.prototype._settlePromise@http://localhost:3000/__cypress/runner/cypress_runner.js:11014:18
    ../../node_modules/bluebird/js/release/promise.js/&#x3C;/module.exports/Promise.prototype._settlePromiseCtx@http://localhost:3000/__cypress/runner/cypress_runner.js:11051:10
    _drainQueueStep@http://localhost:3000/__cypress/runner/cypress_runner.js:7733:12
    _drainQueue@http://localhost:3000/__cypress/runner/cypress_runner.js:7722:24
    ../../node_modules/bluebird/js/release/async.js/&#x3C;/Async.prototype._drainQueues@http://localhost:3000/__cypress/runner/cypress_runner.js:7738:16
    ../../node_modules/bluebird/js/release/async.js/&#x3C;/Async/this.drainQueues@http://localhost:3000/__cypress/runner/cypress_runner.js:7608:14
</failure></testcase>
</testsuite>
